2017-05-22 11:17:29.887  INFO 21856 --- [main] com.wipro.ta.samplebank.Application      : Starting Application on GH-5N5L362 with PID 21856 (C:\Data\TA_Repository\Libs\sample-bank\target\classes started by e048708 in C:\Data\TA_Repository\Libs\sample-bank)
2017-05-22 11:17:29.981  INFO 21856 --- [main] ationConfigEmbeddedWebApplicationContext : Refreshing org.springframework.boot.context.embedded.AnnotationConfigEmbeddedWebApplicationContext@6f09c9c0: startup date [Mon May 22 11:17:29 BRT 2017]; root of context hierarchy
2017-05-22 11:17:31.107  INFO 21856 --- [main] o.s.b.f.s.DefaultListableBeanFactory     : Overriding bean definition for bean 'beanNameViewResolver': replacing [Root bean: class [null]; scope=; abstract=false; lazyInit=false; autowireMode=3; dependencyCheck=0; autowireCandidate=true; primary=false; factoryBeanName=org.springframework.boot.autoconfigure.web.ErrorMvcAutoConfiguration$WhitelabelErrorViewConfiguration; factoryMethodName=beanNameViewResolver; initMethodName=null; destroyMethodName=(inferred); defined in class path resource [org/springframework/boot/autoconfigure/web/ErrorMvcAutoConfiguration$WhitelabelErrorViewConfiguration.class]] with [Root bean: class [null]; scope=; abstract=false; lazyInit=false; autowireMode=3; dependencyCheck=0; autowireCandidate=true; primary=false; factoryBeanName=org.springframework.boot.autoconfigure.web.WebMvcAutoConfiguration$WebMvcAutoConfigurationAdapter; factoryMethodName=beanNameViewResolver; initMethodName=null; destroyMethodName=(inferred); defined in class path resource [org/springframework/boot/autoconfigure/web/WebMvcAutoConfiguration$WebMvcAutoConfigurationAdapter.class]]
2017-05-22 11:17:32.440  INFO 21856 --- [main] s.b.c.e.t.TomcatEmbeddedServletContainer : Tomcat initialized with port(s): 8080 (http)
2017-05-22 11:17:33.062  INFO 21856 --- [main] o.apache.catalina.core.StandardService   : Starting service Tomcat
2017-05-22 11:17:33.064  INFO 21856 --- [main] org.apache.catalina.core.StandardEngine  : Starting Servlet Engine: Apache Tomcat/8.0.28
2017-05-22 11:17:33.888  INFO 21856 --- [localhost-startStop-1] org.apache.jasper.servlet.TldScanner     : At least one JAR was scanned for TLDs yet contained no TLDs. Enable debug logging for this logger for a complete list of JARs that were scanned but no TLDs were found in them. Skipping unneeded JARs during scanning can improve startup time and JSP compilation time.
2017-05-22 11:17:33.901  INFO 21856 --- [localhost-startStop-1] o.a.c.c.C.[Tomcat].[localhost].[/]       : Initializing Spring embedded WebApplicationContext
2017-05-22 11:17:33.902  INFO 21856 --- [localhost-startStop-1] o.s.web.context.ContextLoader            : Root WebApplicationContext: initialization completed in 3924 ms
2017-05-22 11:17:35.266  INFO 21856 --- [localhost-startStop-1] b.a.s.AuthenticationManagerConfiguration : 

Using default security password: 7636b15b-21aa-411a-b314-85342191f168

2017-05-22 11:17:35.323  INFO 21856 --- [localhost-startStop-1] o.s.s.web.DefaultSecurityFilterChain     : Creating filter chain: Ant [pattern='/css/**'], []
2017-05-22 11:17:35.323  INFO 21856 --- [localhost-startStop-1] o.s.s.web.DefaultSecurityFilterChain     : Creating filter chain: Ant [pattern='/js/**'], []
2017-05-22 11:17:35.323  INFO 21856 --- [localhost-startStop-1] o.s.s.web.DefaultSecurityFilterChain     : Creating filter chain: Ant [pattern='/images/**'], []
2017-05-22 11:17:35.324  INFO 21856 --- [localhost-startStop-1] o.s.s.web.DefaultSecurityFilterChain     : Creating filter chain: Ant [pattern='/**/favicon.ico'], []
2017-05-22 11:17:35.324  INFO 21856 --- [localhost-startStop-1] o.s.s.web.DefaultSecurityFilterChain     : Creating filter chain: Ant [pattern='/error'], []
2017-05-22 11:17:35.362  INFO 21856 --- [localhost-startStop-1] o.s.s.web.DefaultSecurityFilterChain     : Creating filter chain: OrRequestMatcher [requestMatchers=[Ant [pattern='/**']]], [org.springframework.security.web.context.request.async.WebAsyncManagerIntegrationFilter@6493bb37, org.springframework.security.web.context.SecurityContextPersistenceFilter@55989874, org.springframework.security.web.header.HeaderWriterFilter@3c3896c, org.springframework.security.web.authentication.logout.LogoutFilter@7f869dcd, org.springframework.security.web.authentication.www.BasicAuthenticationFilter@4f7b3a21, org.springframework.security.web.savedrequest.RequestCacheAwareFilter@6b74aa06, org.springframework.security.web.servletapi.SecurityContextHolderAwareRequestFilter@267fd96e, org.springframework.security.web.authentication.AnonymousAuthenticationFilter@1ee84b77, org.springframework.security.web.session.SessionManagementFilter@59a1485e, org.springframework.security.web.access.ExceptionTranslationFilter@187931e0, org.springframework.security.web.access.intercept.FilterSecurityInterceptor@5ce1650c]
2017-05-22 11:17:35.478  INFO 21856 --- [localhost-startStop-1] o.s.b.c.embedded.FilterRegistrationBean  : Mapping filter: 'characterEncodingFilter' to: [/*]
2017-05-22 11:17:35.478  INFO 21856 --- [localhost-startStop-1] o.s.b.c.embedded.FilterRegistrationBean  : Mapping filter: 'hiddenHttpMethodFilter' to: [/*]
2017-05-22 11:17:35.478  INFO 21856 --- [localhost-startStop-1] o.s.b.c.embedded.FilterRegistrationBean  : Mapping filter: 'springSecurityFilterChain' to: [/*]
2017-05-22 11:17:35.479  INFO 21856 --- [localhost-startStop-1] o.s.b.c.e.ServletRegistrationBean        : Mapping servlet: 'dispatcherServlet' to [/]
2017-05-22 11:17:35.657  INFO 21856 --- [main] s.w.s.m.m.a.RequestMappingHandlerAdapter : Looking for @ControllerAdvice: org.springframework.boot.context.embedded.AnnotationConfigEmbeddedWebApplicationContext@6f09c9c0: startup date [Mon May 22 11:17:29 BRT 2017]; root of context hierarchy
2017-05-22 11:17:35.664  INFO 21856 --- [main] s.w.s.m.m.a.RequestMappingHandlerAdapter : Detected @ModelAttribute methods in messageAdvice
2017-05-22 11:17:35.722  INFO 21856 --- [main] s.w.s.m.m.a.RequestMappingHandlerMapping : Mapped "{[/addAccount],methods=[POST]}" onto public java.lang.String com.wipro.ta.samplebank.controller.AdminController.saveAccount(com.wipro.ta.samplebank.domain.Account,javax.servlet.http.HttpServletResponse,org.springframework.ui.Model)
2017-05-22 11:17:35.723  INFO 21856 --- [main] s.w.s.m.m.a.RequestMappingHandlerMapping : Mapped "{[/addAccount],methods=[GET]}" onto public java.lang.String com.wipro.ta.samplebank.controller.AdminController.rootAddAccount(org.springframework.ui.Model)
2017-05-22 11:17:35.725  INFO 21856 --- [main] s.w.s.m.m.a.RequestMappingHandlerMapping : Mapped "{[/api/accounts/],methods=[POST],produces=[application/json]}" onto public com.wipro.ta.samplebank.response.ResponseDTO<com.wipro.ta.samplebank.domain.Account> com.wipro.ta.samplebank.controller.api.AccountController.createAccount(java.lang.String,javax.servlet.http.HttpServletResponse)
2017-05-22 11:17:35.725  INFO 21856 --- [main] s.w.s.m.m.a.RequestMappingHandlerMapping : Mapped "{[/api/accounts/{ownerCpf}],methods=[GET],produces=[application/json]}" onto public com.wipro.ta.samplebank.response.ResponseDTO<com.wipro.ta.samplebank.domain.Account> com.wipro.ta.samplebank.controller.api.AccountController.getAccount(java.lang.String,javax.servlet.http.HttpServletResponse)
2017-05-22 11:17:35.725  INFO 21856 --- [main] s.w.s.m.m.a.RequestMappingHandlerMapping : Mapped "{[/api/accounts/{ownerCpf}/deposit],methods=[PUT],produces=[application/json]}" onto public com.wipro.ta.samplebank.response.ResponseDTO<com.wipro.ta.samplebank.domain.Account> com.wipro.ta.samplebank.controller.api.AccountController.makeDeposit(java.lang.String,java.lang.String,javax.servlet.http.HttpServletResponse)
2017-05-22 11:17:35.725  INFO 21856 --- [main] s.w.s.m.m.a.RequestMappingHandlerMapping : Mapped "{[/api/accounts/{ownerCpf}/withdraw],methods=[PUT],produces=[application/json]}" onto public com.wipro.ta.samplebank.response.ResponseDTO<com.wipro.ta.samplebank.domain.Account> com.wipro.ta.samplebank.controller.api.AccountController.makeWithdraw(java.lang.String,java.lang.String,javax.servlet.http.HttpServletResponse)
2017-05-22 11:17:35.726  INFO 21856 --- [main] s.w.s.m.m.a.RequestMappingHandlerMapping : Mapped "{[/api/accounts/{ownerCpf}/transfer],methods=[PUT],produces=[application/json]}" onto public com.wipro.ta.samplebank.response.ResponseDTO<com.wipro.ta.samplebank.domain.Account> com.wipro.ta.samplebank.controller.api.AccountController.makeTransfer(java.lang.String,java.lang.String,java.lang.String,javax.servlet.http.HttpServletResponse)
2017-05-22 11:17:35.726  INFO 21856 --- [main] s.w.s.m.m.a.RequestMappingHandlerMapping : Mapped "{[/api/accounts/],methods=[DELETE],produces=[application/json]}" onto public com.wipro.ta.samplebank.response.ResponseDTO<com.wipro.ta.samplebank.domain.Account> com.wipro.ta.samplebank.controller.api.AccountController.deleteAccount(java.lang.String,javax.servlet.http.HttpServletResponse)
2017-05-22 11:17:35.727  INFO 21856 --- [main] s.w.s.m.m.a.RequestMappingHandlerMapping : Mapped "{[/api/accounts/credit/{ownerCpf}/loan],methods=[PUT],produces=[application/json]}" onto public com.wipro.ta.samplebank.response.ResponseDTO<com.wipro.ta.samplebank.domain.Account> com.wipro.ta.samplebank.controller.api.CreditController.makeLoan(java.lang.String,java.lang.String,javax.servlet.http.HttpServletResponse)
2017-05-22 11:17:35.727  INFO 21856 --- [main] s.w.s.m.m.a.RequestMappingHandlerMapping : Mapped "{[/login],methods=[POST]}" onto public java.lang.String com.wipro.ta.samplebank.controller.AuthenticationController.doLogin(com.wipro.ta.samplebank.auth.Login,org.springframework.ui.Model)
2017-05-22 11:17:35.728  INFO 21856 --- [main] s.w.s.m.m.a.RequestMappingHandlerMapping : Mapped "{[/logout],methods=[GET]}" onto public java.lang.String com.wipro.ta.samplebank.controller.AuthenticationController.doLogout(javax.servlet.http.HttpSession)
2017-05-22 11:17:35.728  INFO 21856 --- [main] s.w.s.m.m.a.RequestMappingHandlerMapping : Mapped "{[/],methods=[GET]}" onto public java.lang.String com.wipro.ta.samplebank.controller.RootWebController.rootRedirect()
2017-05-22 11:17:35.730  INFO 21856 --- [main] s.w.s.m.m.a.RequestMappingHandlerMapping : Mapped "{[/error]}" onto public org.springframework.http.ResponseEntity<java.util.Map<java.lang.String, java.lang.Object>> org.springframework.boot.autoconfigure.web.BasicErrorController.error(javax.servlet.http.HttpServletRequest)
2017-05-22 11:17:35.730  INFO 21856 --- [main] s.w.s.m.m.a.RequestMappingHandlerMapping : Mapped "{[/error],produces=[text/html]}" onto public org.springframework.web.servlet.ModelAndView org.springframework.boot.autoconfigure.web.BasicErrorController.errorHtml(javax.servlet.http.HttpServletRequest)
2017-05-22 11:17:35.759  INFO 21856 --- [main] o.s.w.s.handler.SimpleUrlHandlerMapping  : Mapped URL path [/**] onto handler of type [class org.springframework.web.servlet.resource.ResourceHttpRequestHandler]
2017-05-22 11:17:35.759  INFO 21856 --- [main] o.s.w.s.handler.SimpleUrlHandlerMapping  : Mapped URL path [/webjars/**] onto handler of type [class org.springframework.web.servlet.resource.ResourceHttpRequestHandler]
2017-05-22 11:17:35.805  INFO 21856 --- [main] o.s.w.s.handler.SimpleUrlHandlerMapping  : Mapped URL path [/**/favicon.ico] onto handler of type [class org.springframework.web.servlet.resource.ResourceHttpRequestHandler]
2017-05-22 11:17:35.911  INFO 21856 --- [main] o.s.j.e.a.AnnotationMBeanExporter        : Registering beans for JMX exposure on startup
2017-05-22 11:17:36.077  INFO 21856 --- [main] s.b.c.e.t.TomcatEmbeddedServletContainer : Tomcat started on port(s): 8080 (http)
2017-05-22 11:17:36.079  INFO 21856 --- [main] com.wipro.ta.samplebank.Application      : Started Application in 6.851 seconds (JVM running for 7.806)
2017-05-22 11:18:08.281 DEBUG 31052 --- [main] o.s.w.c.s.StandardServletEnvironment     : Adding [servletConfigInitParams] PropertySource with lowest search precedence
2017-05-22 11:18:08.288 DEBUG 31052 --- [main] o.s.w.c.s.StandardServletEnvironment     : Adding [servletContextInitParams] PropertySource with lowest search precedence
2017-05-22 11:18:08.288 DEBUG 31052 --- [main] o.s.w.c.s.StandardServletEnvironment     : Adding [systemProperties] PropertySource with lowest search precedence
2017-05-22 11:18:08.289 DEBUG 31052 --- [main] o.s.w.c.s.StandardServletEnvironment     : Adding [systemEnvironment] PropertySource with lowest search precedence
2017-05-22 11:18:08.290 DEBUG 31052 --- [main] o.s.w.c.s.StandardServletEnvironment     : Initialized StandardServletEnvironment with PropertySources [servletConfigInitParams,servletContextInitParams,systemProperties,systemEnvironment]
2017-05-22 11:18:08.368  INFO 31052 --- [main] com.wipro.ta.samplebank.Application      : Starting Application on GH-5N5L362 with PID 31052 (C:\Data\TA_Repository\Libs\sample-bank\target\classes started by e048708 in C:\Data\TA_Repository\Libs\sample-bank)
2017-05-22 11:18:08.461  INFO 31052 --- [main] ationConfigEmbeddedWebApplicationContext : Refreshing org.springframework.boot.context.embedded.AnnotationConfigEmbeddedWebApplicationContext@6f09c9c0: startup date [Mon May 22 11:18:08 BRT 2017]; root of context hierarchy
2017-05-22 11:18:10.299  INFO 31052 --- [main] o.s.b.f.s.DefaultListableBeanFactory     : Overriding bean definition for bean 'beanNameViewResolver': replacing [Root bean: class [null]; scope=; abstract=false; lazyInit=false; autowireMode=3; dependencyCheck=0; autowireCandidate=true; primary=false; factoryBeanName=org.springframework.boot.autoconfigure.web.ErrorMvcAutoConfiguration$WhitelabelErrorViewConfiguration; factoryMethodName=beanNameViewResolver; initMethodName=null; destroyMethodName=(inferred); defined in class path resource [org/springframework/boot/autoconfigure/web/ErrorMvcAutoConfiguration$WhitelabelErrorViewConfiguration.class]] with [Root bean: class [null]; scope=; abstract=false; lazyInit=false; autowireMode=3; dependencyCheck=0; autowireCandidate=true; primary=false; factoryBeanName=org.springframework.boot.autoconfigure.web.WebMvcAutoConfiguration$WebMvcAutoConfigurationAdapter; factoryMethodName=beanNameViewResolver; initMethodName=null; destroyMethodName=(inferred); defined in class path resource [org/springframework/boot/autoconfigure/web/WebMvcAutoConfiguration$WebMvcAutoConfigurationAdapter.class]]
2017-05-22 11:18:10.716 DEBUG 31052 --- [main] o.s.w.c.s.StandardServletEnvironment     : Adding [applicationConfig: [classpath:/application.properties]] PropertySource with search precedence immediately lower than [applicationConfigurationProperties]
2017-05-22 11:18:10.716 DEBUG 31052 --- [main] o.s.w.c.s.StandardServletEnvironment     : Removing [applicationConfigurationProperties] PropertySource
2017-05-22 11:18:10.717 DEBUG 31052 --- [main] o.s.w.c.s.StandardServletEnvironment     : Removing [defaultProperties] PropertySource
2017-05-22 11:18:11.992  INFO 31052 --- [main] s.b.c.e.t.TomcatEmbeddedServletContainer : Tomcat initialized with port(s): 8080 (http)
2017-05-22 11:18:12.606  INFO 31052 --- [main] o.apache.catalina.core.StandardService   : Starting service Tomcat
2017-05-22 11:18:12.609  INFO 31052 --- [main] org.apache.catalina.core.StandardEngine  : Starting Servlet Engine: Apache Tomcat/8.0.28
2017-05-22 11:18:13.418  INFO 31052 --- [localhost-startStop-1] org.apache.jasper.servlet.TldScanner     : At least one JAR was scanned for TLDs yet contained no TLDs. Enable debug logging for this logger for a complete list of JARs that were scanned but no TLDs were found in them. Skipping unneeded JARs during scanning can improve startup time and JSP compilation time.
2017-05-22 11:18:13.427  INFO 31052 --- [localhost-startStop-1] o.a.c.c.C.[Tomcat].[localhost].[/]       : Initializing Spring embedded WebApplicationContext
2017-05-22 11:18:13.428 DEBUG 31052 --- [localhost-startStop-1] o.s.web.context.ContextLoader            : Published root WebApplicationContext as ServletContext attribute with name [org.springframework.web.context.WebApplicationContext.ROOT]
2017-05-22 11:18:13.428  INFO 31052 --- [localhost-startStop-1] o.s.web.context.ContextLoader            : Root WebApplicationContext: initialization completed in 4972 ms
2017-05-22 11:18:15.113  INFO 31052 --- [localhost-startStop-1] b.a.s.AuthenticationManagerConfiguration : 

Using default security password: 97e6c4ea-63a0-4156-868a-09511e31bb21

2017-05-22 11:18:15.213 DEBUG 31052 --- [localhost-startStop-1] o.s.w.c.s.StandardServletEnvironment     : Adding [servletConfigInitParams] PropertySource with lowest search precedence
2017-05-22 11:18:15.214 DEBUG 31052 --- [localhost-startStop-1] o.s.w.c.s.StandardServletEnvironment     : Adding [servletContextInitParams] PropertySource with lowest search precedence
2017-05-22 11:18:15.220 DEBUG 31052 --- [localhost-startStop-1] o.s.w.c.s.StandardServletEnvironment     : Adding [systemProperties] PropertySource with lowest search precedence
2017-05-22 11:18:15.222 DEBUG 31052 --- [localhost-startStop-1] o.s.w.c.s.StandardServletEnvironment     : Adding [systemEnvironment] PropertySource with lowest search precedence
2017-05-22 11:18:15.222 DEBUG 31052 --- [localhost-startStop-1] o.s.w.c.s.StandardServletEnvironment     : Initialized StandardServletEnvironment with PropertySources [servletConfigInitParams,servletContextInitParams,systemProperties,systemEnvironment]
2017-05-22 11:18:15.241 DEBUG 31052 --- [localhost-startStop-1] o.s.w.c.s.StandardServletEnvironment     : Adding [servletConfigInitParams] PropertySource with lowest search precedence
2017-05-22 11:18:15.242 DEBUG 31052 --- [localhost-startStop-1] o.s.w.c.s.StandardServletEnvironment     : Adding [servletContextInitParams] PropertySource with lowest search precedence
2017-05-22 11:18:15.242 DEBUG 31052 --- [localhost-startStop-1] o.s.w.c.s.StandardServletEnvironment     : Adding [systemProperties] PropertySource with lowest search precedence
2017-05-22 11:18:15.243 DEBUG 31052 --- [localhost-startStop-1] o.s.w.c.s.StandardServletEnvironment     : Adding [systemEnvironment] PropertySource with lowest search precedence
2017-05-22 11:18:15.243 DEBUG 31052 --- [localhost-startStop-1] o.s.w.c.s.StandardServletEnvironment     : Initialized StandardServletEnvironment with PropertySources [servletConfigInitParams,servletContextInitParams,systemProperties,systemEnvironment]
2017-05-22 11:18:15.246 DEBUG 31052 --- [localhost-startStop-1] o.s.w.c.s.StandardServletEnvironment     : Adding [servletConfigInitParams] PropertySource with lowest search precedence
2017-05-22 11:18:15.247 DEBUG 31052 --- [localhost-startStop-1] o.s.w.c.s.StandardServletEnvironment     : Adding [servletContextInitParams] PropertySource with lowest search precedence
2017-05-22 11:18:15.248 DEBUG 31052 --- [localhost-startStop-1] o.s.w.c.s.StandardServletEnvironment     : Adding [systemProperties] PropertySource with lowest search precedence
2017-05-22 11:18:15.249 DEBUG 31052 --- [localhost-startStop-1] o.s.w.c.s.StandardServletEnvironment     : Adding [systemEnvironment] PropertySource with lowest search precedence
2017-05-22 11:18:15.250 DEBUG 31052 --- [localhost-startStop-1] o.s.w.c.s.StandardServletEnvironment     : Initialized StandardServletEnvironment with PropertySources [servletConfigInitParams,servletContextInitParams,systemProperties,systemEnvironment]
2017-05-22 11:18:15.279  INFO 31052 --- [localhost-startStop-1] o.s.s.web.DefaultSecurityFilterChain     : Creating filter chain: Ant [pattern='/css/**'], []
2017-05-22 11:18:15.280  INFO 31052 --- [localhost-startStop-1] o.s.s.web.DefaultSecurityFilterChain     : Creating filter chain: Ant [pattern='/js/**'], []
2017-05-22 11:18:15.281  INFO 31052 --- [localhost-startStop-1] o.s.s.web.DefaultSecurityFilterChain     : Creating filter chain: Ant [pattern='/images/**'], []
2017-05-22 11:18:15.281  INFO 31052 --- [localhost-startStop-1] o.s.s.web.DefaultSecurityFilterChain     : Creating filter chain: Ant [pattern='/**/favicon.ico'], []
2017-05-22 11:18:15.281  INFO 31052 --- [localhost-startStop-1] o.s.s.web.DefaultSecurityFilterChain     : Creating filter chain: Ant [pattern='/error'], []
2017-05-22 11:18:15.292 DEBUG 31052 --- [localhost-startStop-1] o.s.w.c.s.StandardServletEnvironment     : Adding [servletConfigInitParams] PropertySource with lowest search precedence
2017-05-22 11:18:15.293 DEBUG 31052 --- [localhost-startStop-1] o.s.w.c.s.StandardServletEnvironment     : Adding [servletContextInitParams] PropertySource with lowest search precedence
2017-05-22 11:18:15.293 DEBUG 31052 --- [localhost-startStop-1] o.s.w.c.s.StandardServletEnvironment     : Adding [systemProperties] PropertySource with lowest search precedence
2017-05-22 11:18:15.294 DEBUG 31052 --- [localhost-startStop-1] o.s.w.c.s.StandardServletEnvironment     : Adding [systemEnvironment] PropertySource with lowest search precedence
2017-05-22 11:18:15.294 DEBUG 31052 --- [localhost-startStop-1] o.s.w.c.s.StandardServletEnvironment     : Initialized StandardServletEnvironment with PropertySources [servletConfigInitParams,servletContextInitParams,systemProperties,systemEnvironment]
2017-05-22 11:18:15.304 DEBUG 31052 --- [localhost-startStop-1] o.s.w.c.s.StandardServletEnvironment     : Adding [servletConfigInitParams] PropertySource with lowest search precedence
2017-05-22 11:18:15.305 DEBUG 31052 --- [localhost-startStop-1] o.s.w.c.s.StandardServletEnvironment     : Adding [servletContextInitParams] PropertySource with lowest search precedence
2017-05-22 11:18:15.305 DEBUG 31052 --- [localhost-startStop-1] o.s.w.c.s.StandardServletEnvironment     : Adding [systemProperties] PropertySource with lowest search precedence
2017-05-22 11:18:15.306 DEBUG 31052 --- [localhost-startStop-1] o.s.w.c.s.StandardServletEnvironment     : Adding [systemEnvironment] PropertySource with lowest search precedence
2017-05-22 11:18:15.307 DEBUG 31052 --- [localhost-startStop-1] o.s.w.c.s.StandardServletEnvironment     : Initialized StandardServletEnvironment with PropertySources [servletConfigInitParams,servletContextInitParams,systemProperties,systemEnvironment]
2017-05-22 11:18:15.324 DEBUG 31052 --- [localhost-startStop-1] o.s.w.c.s.StandardServletEnvironment     : Adding [servletConfigInitParams] PropertySource with lowest search precedence
2017-05-22 11:18:15.324 DEBUG 31052 --- [localhost-startStop-1] o.s.w.c.s.StandardServletEnvironment     : Adding [servletContextInitParams] PropertySource with lowest search precedence
2017-05-22 11:18:15.325 DEBUG 31052 --- [localhost-startStop-1] o.s.w.c.s.StandardServletEnvironment     : Adding [systemProperties] PropertySource with lowest search precedence
2017-05-22 11:18:15.325 DEBUG 31052 --- [localhost-startStop-1] o.s.w.c.s.StandardServletEnvironment     : Adding [systemEnvironment] PropertySource with lowest search precedence
2017-05-22 11:18:15.326 DEBUG 31052 --- [localhost-startStop-1] o.s.w.c.s.StandardServletEnvironment     : Initialized StandardServletEnvironment with PropertySources [servletConfigInitParams,servletContextInitParams,systemProperties,systemEnvironment]
2017-05-22 11:18:15.329 DEBUG 31052 --- [localhost-startStop-1] o.s.w.c.s.StandardServletEnvironment     : Adding [servletConfigInitParams] PropertySource with lowest search precedence
2017-05-22 11:18:15.329 DEBUG 31052 --- [localhost-startStop-1] o.s.w.c.s.StandardServletEnvironment     : Adding [servletContextInitParams] PropertySource with lowest search precedence
2017-05-22 11:18:15.330 DEBUG 31052 --- [localhost-startStop-1] o.s.w.c.s.StandardServletEnvironment     : Adding [systemProperties] PropertySource with lowest search precedence
2017-05-22 11:18:15.330 DEBUG 31052 --- [localhost-startStop-1] o.s.w.c.s.StandardServletEnvironment     : Adding [systemEnvironment] PropertySource with lowest search precedence
2017-05-22 11:18:15.331 DEBUG 31052 --- [localhost-startStop-1] o.s.w.c.s.StandardServletEnvironment     : Initialized StandardServletEnvironment with PropertySources [servletConfigInitParams,servletContextInitParams,systemProperties,systemEnvironment]
2017-05-22 11:18:15.337 DEBUG 31052 --- [localhost-startStop-1] o.s.w.c.s.StandardServletEnvironment     : Adding [servletConfigInitParams] PropertySource with lowest search precedence
2017-05-22 11:18:15.338 DEBUG 31052 --- [localhost-startStop-1] o.s.w.c.s.StandardServletEnvironment     : Adding [servletContextInitParams] PropertySource with lowest search precedence
2017-05-22 11:18:15.339 DEBUG 31052 --- [localhost-startStop-1] o.s.w.c.s.StandardServletEnvironment     : Adding [systemProperties] PropertySource with lowest search precedence
2017-05-22 11:18:15.340 DEBUG 31052 --- [localhost-startStop-1] o.s.w.c.s.StandardServletEnvironment     : Adding [systemEnvironment] PropertySource with lowest search precedence
2017-05-22 11:18:15.340 DEBUG 31052 --- [localhost-startStop-1] o.s.w.c.s.StandardServletEnvironment     : Initialized StandardServletEnvironment with PropertySources [servletConfigInitParams,servletContextInitParams,systemProperties,systemEnvironment]
2017-05-22 11:18:15.344 DEBUG 31052 --- [localhost-startStop-1] o.s.w.c.s.StandardServletEnvironment     : Adding [servletConfigInitParams] PropertySource with lowest search precedence
2017-05-22 11:18:15.344 DEBUG 31052 --- [localhost-startStop-1] o.s.w.c.s.StandardServletEnvironment     : Adding [servletContextInitParams] PropertySource with lowest search precedence
2017-05-22 11:18:15.345 DEBUG 31052 --- [localhost-startStop-1] o.s.w.c.s.StandardServletEnvironment     : Adding [systemProperties] PropertySource with lowest search precedence
2017-05-22 11:18:15.345 DEBUG 31052 --- [localhost-startStop-1] o.s.w.c.s.StandardServletEnvironment     : Adding [systemEnvironment] PropertySource with lowest search precedence
2017-05-22 11:18:15.346 DEBUG 31052 --- [localhost-startStop-1] o.s.w.c.s.StandardServletEnvironment     : Initialized StandardServletEnvironment with PropertySources [servletConfigInitParams,servletContextInitParams,systemProperties,systemEnvironment]
2017-05-22 11:18:15.355 DEBUG 31052 --- [localhost-startStop-1] o.s.w.c.s.StandardServletEnvironment     : Adding [servletConfigInitParams] PropertySource with lowest search precedence
2017-05-22 11:18:15.356 DEBUG 31052 --- [localhost-startStop-1] o.s.w.c.s.StandardServletEnvironment     : Adding [servletContextInitParams] PropertySource with lowest search precedence
2017-05-22 11:18:15.356 DEBUG 31052 --- [localhost-startStop-1] o.s.w.c.s.StandardServletEnvironment     : Adding [systemProperties] PropertySource with lowest search precedence
2017-05-22 11:18:15.357 DEBUG 31052 --- [localhost-startStop-1] o.s.w.c.s.StandardServletEnvironment     : Adding [systemEnvironment] PropertySource with lowest search precedence
2017-05-22 11:18:15.357 DEBUG 31052 --- [localhost-startStop-1] o.s.w.c.s.StandardServletEnvironment     : Initialized StandardServletEnvironment with PropertySources [servletConfigInitParams,servletContextInitParams,systemProperties,systemEnvironment]
2017-05-22 11:18:15.363 DEBUG 31052 --- [localhost-startStop-1] o.s.w.c.s.StandardServletEnvironment     : Adding [servletConfigInitParams] PropertySource with lowest search precedence
2017-05-22 11:18:15.364 DEBUG 31052 --- [localhost-startStop-1] o.s.w.c.s.StandardServletEnvironment     : Adding [servletContextInitParams] PropertySource with lowest search precedence
2017-05-22 11:18:15.364 DEBUG 31052 --- [localhost-startStop-1] o.s.w.c.s.StandardServletEnvironment     : Adding [systemProperties] PropertySource with lowest search precedence
2017-05-22 11:18:15.365 DEBUG 31052 --- [localhost-startStop-1] o.s.w.c.s.StandardServletEnvironment     : Adding [systemEnvironment] PropertySource with lowest search precedence
2017-05-22 11:18:15.365 DEBUG 31052 --- [localhost-startStop-1] o.s.w.c.s.StandardServletEnvironment     : Initialized StandardServletEnvironment with PropertySources [servletConfigInitParams,servletContextInitParams,systemProperties,systemEnvironment]
2017-05-22 11:18:15.396  INFO 31052 --- [localhost-startStop-1] o.s.s.web.DefaultSecurityFilterChain     : Creating filter chain: OrRequestMatcher [requestMatchers=[Ant [pattern='/**']]], [org.springframework.security.web.context.request.async.WebAsyncManagerIntegrationFilter@3dad9562, org.springframework.security.web.context.SecurityContextPersistenceFilter@79021aac, org.springframework.security.web.header.HeaderWriterFilter@342882af, org.springframework.security.web.authentication.logout.LogoutFilter@1f62fe39, org.springframework.security.web.authentication.www.BasicAuthenticationFilter@75999b61, org.springframework.security.web.savedrequest.RequestCacheAwareFilter@7eb48cc7, org.springframework.security.web.servletapi.SecurityContextHolderAwareRequestFilter@5ee23f23, org.springframework.security.web.authentication.AnonymousAuthenticationFilter@4f2a7490, org.springframework.security.web.session.SessionManagementFilter@4e22d17, org.springframework.security.web.access.ExceptionTranslationFilter@3b7022f6, org.springframework.security.web.access.intercept.FilterSecurityInterceptor@63a8038d]
2017-05-22 11:18:15.399 DEBUG 31052 --- [localhost-startStop-1] o.s.w.c.s.StandardServletEnvironment     : Adding [servletConfigInitParams] PropertySource with lowest search precedence
2017-05-22 11:18:15.400 DEBUG 31052 --- [localhost-startStop-1] o.s.w.c.s.StandardServletEnvironment     : Adding [servletContextInitParams] PropertySource with lowest search precedence
2017-05-22 11:18:15.400 DEBUG 31052 --- [localhost-startStop-1] o.s.w.c.s.StandardServletEnvironment     : Adding [systemProperties] PropertySource with lowest search precedence
2017-05-22 11:18:15.401 DEBUG 31052 --- [localhost-startStop-1] o.s.w.c.s.StandardServletEnvironment     : Adding [systemEnvironment] PropertySource with lowest search precedence
2017-05-22 11:18:15.401 DEBUG 31052 --- [localhost-startStop-1] o.s.w.c.s.StandardServletEnvironment     : Initialized StandardServletEnvironment with PropertySources [servletConfigInitParams,servletContextInitParams,systemProperties,systemEnvironment]
2017-05-22 11:18:15.503 DEBUG 31052 --- [localhost-startStop-1] o.s.w.c.s.StandardServletEnvironment     : Adding [servletConfigInitParams] PropertySource with lowest search precedence
2017-05-22 11:18:15.504 DEBUG 31052 --- [localhost-startStop-1] o.s.w.c.s.StandardServletEnvironment     : Adding [servletContextInitParams] PropertySource with lowest search precedence
2017-05-22 11:18:15.505 DEBUG 31052 --- [localhost-startStop-1] o.s.w.c.s.StandardServletEnvironment     : Adding [systemProperties] PropertySource with lowest search precedence
2017-05-22 11:18:15.505 DEBUG 31052 --- [localhost-startStop-1] o.s.w.c.s.StandardServletEnvironment     : Adding [systemEnvironment] PropertySource with lowest search precedence
2017-05-22 11:18:15.506 DEBUG 31052 --- [localhost-startStop-1] o.s.w.c.s.StandardServletEnvironment     : Initialized StandardServletEnvironment with PropertySources [servletConfigInitParams,servletContextInitParams,systemProperties,systemEnvironment]
2017-05-22 11:18:15.563 DEBUG 31052 --- [localhost-startStop-1] o.s.w.c.s.StandardServletEnvironment     : Adding [servletConfigInitParams] PropertySource with lowest search precedence
2017-05-22 11:18:15.564 DEBUG 31052 --- [localhost-startStop-1] o.s.w.c.s.StandardServletEnvironment     : Adding [servletContextInitParams] PropertySource with lowest search precedence
2017-05-22 11:18:15.564 DEBUG 31052 --- [localhost-startStop-1] o.s.w.c.s.StandardServletEnvironment     : Adding [systemProperties] PropertySource with lowest search precedence
2017-05-22 11:18:15.564 DEBUG 31052 --- [localhost-startStop-1] o.s.w.c.s.StandardServletEnvironment     : Adding [systemEnvironment] PropertySource with lowest search precedence
2017-05-22 11:18:15.565 DEBUG 31052 --- [localhost-startStop-1] o.s.w.c.s.StandardServletEnvironment     : Initialized StandardServletEnvironment with PropertySources [servletConfigInitParams,servletContextInitParams,systemProperties,systemEnvironment]
2017-05-22 11:18:15.639  INFO 31052 --- [localhost-startStop-1] o.s.b.c.embedded.FilterRegistrationBean  : Mapping filter: 'characterEncodingFilter' to: [/*]
2017-05-22 11:18:15.640  INFO 31052 --- [localhost-startStop-1] o.s.b.c.embedded.FilterRegistrationBean  : Mapping filter: 'hiddenHttpMethodFilter' to: [/*]
2017-05-22 11:18:15.641  INFO 31052 --- [localhost-startStop-1] o.s.b.c.embedded.FilterRegistrationBean  : Mapping filter: 'springSecurityFilterChain' to: [/*]
2017-05-22 11:18:15.641  INFO 31052 --- [localhost-startStop-1] o.s.b.c.e.ServletRegistrationBean        : Mapping servlet: 'dispatcherServlet' to [/]
2017-05-22 11:18:15.696 DEBUG 31052 --- [main] o.s.w.c.s.StandardServletEnvironment     : Replacing [servletContextInitParams] PropertySource with [servletContextInitParams]
2017-05-22 11:18:15.944  INFO 31052 --- [main] s.w.s.m.m.a.RequestMappingHandlerAdapter : Looking for @ControllerAdvice: org.springframework.boot.context.embedded.AnnotationConfigEmbeddedWebApplicationContext@6f09c9c0: startup date [Mon May 22 11:18:08 BRT 2017]; root of context hierarchy
2017-05-22 11:18:15.956  INFO 31052 --- [main] s.w.s.m.m.a.RequestMappingHandlerAdapter : Detected @ModelAttribute methods in messageAdvice
2017-05-22 11:18:16.040 DEBUG 31052 --- [main] s.w.s.m.m.a.RequestMappingHandlerMapping : Looking for request mappings in application context: org.springframework.boot.context.embedded.AnnotationConfigEmbeddedWebApplicationContext@6f09c9c0: startup date [Mon May 22 11:18:08 BRT 2017]; root of context hierarchy
2017-05-22 11:18:16.056  INFO 31052 --- [main] s.w.s.m.m.a.RequestMappingHandlerMapping : Mapped "{[/addAccount],methods=[POST]}" onto public java.lang.String com.wipro.ta.samplebank.controller.AdminController.saveAccount(com.wipro.ta.samplebank.domain.Account,javax.servlet.http.HttpServletResponse,org.springframework.ui.Model)
2017-05-22 11:18:16.057  INFO 31052 --- [main] s.w.s.m.m.a.RequestMappingHandlerMapping : Mapped "{[/addAccount],methods=[GET]}" onto public java.lang.String com.wipro.ta.samplebank.controller.AdminController.rootAddAccount(org.springframework.ui.Model)
2017-05-22 11:18:16.060  INFO 31052 --- [main] s.w.s.m.m.a.RequestMappingHandlerMapping : Mapped "{[/api/accounts/],methods=[POST],produces=[application/json]}" onto public com.wipro.ta.samplebank.response.ResponseDTO<com.wipro.ta.samplebank.domain.Account> com.wipro.ta.samplebank.controller.api.AccountController.createAccount(java.lang.String,javax.servlet.http.HttpServletResponse)
2017-05-22 11:18:16.060  INFO 31052 --- [main] s.w.s.m.m.a.RequestMappingHandlerMapping : Mapped "{[/api/accounts/{ownerCpf}],methods=[GET],produces=[application/json]}" onto public com.wipro.ta.samplebank.response.ResponseDTO<com.wipro.ta.samplebank.domain.Account> com.wipro.ta.samplebank.controller.api.AccountController.getAccount(java.lang.String,javax.servlet.http.HttpServletResponse)
2017-05-22 11:18:16.061  INFO 31052 --- [main] s.w.s.m.m.a.RequestMappingHandlerMapping : Mapped "{[/api/accounts/{ownerCpf}/deposit],methods=[PUT],produces=[application/json]}" onto public com.wipro.ta.samplebank.response.ResponseDTO<com.wipro.ta.samplebank.domain.Account> com.wipro.ta.samplebank.controller.api.AccountController.makeDeposit(java.lang.String,java.lang.String,javax.servlet.http.HttpServletResponse)
2017-05-22 11:18:16.061  INFO 31052 --- [main] s.w.s.m.m.a.RequestMappingHandlerMapping : Mapped "{[/api/accounts/{ownerCpf}/withdraw],methods=[PUT],produces=[application/json]}" onto public com.wipro.ta.samplebank.response.ResponseDTO<com.wipro.ta.samplebank.domain.Account> com.wipro.ta.samplebank.controller.api.AccountController.makeWithdraw(java.lang.String,java.lang.String,javax.servlet.http.HttpServletResponse)
2017-05-22 11:18:16.062  INFO 31052 --- [main] s.w.s.m.m.a.RequestMappingHandlerMapping : Mapped "{[/api/accounts/{ownerCpf}/transfer],methods=[PUT],produces=[application/json]}" onto public com.wipro.ta.samplebank.response.ResponseDTO<com.wipro.ta.samplebank.domain.Account> com.wipro.ta.samplebank.controller.api.AccountController.makeTransfer(java.lang.String,java.lang.String,java.lang.String,javax.servlet.http.HttpServletResponse)
2017-05-22 11:18:16.063  INFO 31052 --- [main] s.w.s.m.m.a.RequestMappingHandlerMapping : Mapped "{[/api/accounts/],methods=[DELETE],produces=[application/json]}" onto public com.wipro.ta.samplebank.response.ResponseDTO<com.wipro.ta.samplebank.domain.Account> com.wipro.ta.samplebank.controller.api.AccountController.deleteAccount(java.lang.String,javax.servlet.http.HttpServletResponse)
2017-05-22 11:18:16.064  INFO 31052 --- [main] s.w.s.m.m.a.RequestMappingHandlerMapping : Mapped "{[/api/accounts/credit/{ownerCpf}/loan],methods=[PUT],produces=[application/json]}" onto public com.wipro.ta.samplebank.response.ResponseDTO<com.wipro.ta.samplebank.domain.Account> com.wipro.ta.samplebank.controller.api.CreditController.makeLoan(java.lang.String,java.lang.String,javax.servlet.http.HttpServletResponse)
2017-05-22 11:18:16.065  INFO 31052 --- [main] s.w.s.m.m.a.RequestMappingHandlerMapping : Mapped "{[/login],methods=[POST]}" onto public java.lang.String com.wipro.ta.samplebank.controller.AuthenticationController.doLogin(com.wipro.ta.samplebank.auth.Login,org.springframework.ui.Model)
2017-05-22 11:18:16.065  INFO 31052 --- [main] s.w.s.m.m.a.RequestMappingHandlerMapping : Mapped "{[/logout],methods=[GET]}" onto public java.lang.String com.wipro.ta.samplebank.controller.AuthenticationController.doLogout(javax.servlet.http.HttpSession)
2017-05-22 11:18:16.066  INFO 31052 --- [main] s.w.s.m.m.a.RequestMappingHandlerMapping : Mapped "{[/],methods=[GET]}" onto public java.lang.String com.wipro.ta.samplebank.controller.RootWebController.rootRedirect()
2017-05-22 11:18:16.069  INFO 31052 --- [main] s.w.s.m.m.a.RequestMappingHandlerMapping : Mapped "{[/error]}" onto public org.springframework.http.ResponseEntity<java.util.Map<java.lang.String, java.lang.Object>> org.springframework.boot.autoconfigure.web.BasicErrorController.error(javax.servlet.http.HttpServletRequest)
2017-05-22 11:18:16.070  INFO 31052 --- [main] s.w.s.m.m.a.RequestMappingHandlerMapping : Mapped "{[/error],produces=[text/html]}" onto public org.springframework.web.servlet.ModelAndView org.springframework.boot.autoconfigure.web.BasicErrorController.errorHtml(javax.servlet.http.HttpServletRequest)
2017-05-22 11:18:16.105 DEBUG 31052 --- [main] o.s.w.s.h.BeanNameUrlHandlerMapping      : Looking for URL mappings in application context: org.springframework.boot.context.embedded.AnnotationConfigEmbeddedWebApplicationContext@6f09c9c0: startup date [Mon May 22 11:18:08 BRT 2017]; root of context hierarchy
2017-05-22 11:18:16.105 DEBUG 31052 --- [main] o.s.w.s.h.BeanNameUrlHandlerMapping      : Rejected bean name 'org.springframework.context.annotation.internalConfigurationAnnotationProcessor': no URL paths identified
2017-05-22 11:18:16.106 DEBUG 31052 --- [main] o.s.w.s.h.BeanNameUrlHandlerMapping      : Rejected bean name 'org.springframework.context.annotation.internalAutowiredAnnotationProcessor': no URL paths identified
2017-05-22 11:18:16.106 DEBUG 31052 --- [main] o.s.w.s.h.BeanNameUrlHandlerMapping      : Rejected bean name 'org.springframework.context.annotation.internalRequiredAnnotationProcessor': no URL paths identified
2017-05-22 11:18:16.106 DEBUG 31052 --- [main] o.s.w.s.h.BeanNameUrlHandlerMapping      : Rejected bean name 'org.springframework.context.annotation.internalCommonAnnotationProcessor': no URL paths identified
2017-05-22 11:18:16.106 DEBUG 31052 --- [main] o.s.w.s.h.BeanNameUrlHandlerMapping      : Rejected bean name 'application': no URL paths identified
2017-05-22 11:18:16.107 DEBUG 31052 --- [main] o.s.w.s.h.BeanNameUrlHandlerMapping      : Rejected bean name 'org.springframework.context.annotation.ConfigurationClassPostProcessor.importAwareProcessor': no URL paths identified
2017-05-22 11:18:16.107 DEBUG 31052 --- [main] o.s.w.s.h.BeanNameUrlHandlerMapping      : Rejected bean name 'org.springframework.context.annotation.ConfigurationClassPostProcessor.enhancedConfigurationProcessor': no URL paths identified
2017-05-22 11:18:16.107 DEBUG 31052 --- [main] o.s.w.s.h.BeanNameUrlHandlerMapping      : Rejected bean name 'login': no URL paths identified
2017-05-22 11:18:16.107 DEBUG 31052 --- [main] o.s.w.s.h.BeanNameUrlHandlerMapping      : Rejected bean name 'springWebMvcConfiguration': no URL paths identified
2017-05-22 11:18:16.108 DEBUG 31052 --- [main] o.s.w.s.h.BeanNameUrlHandlerMapping      : Rejected bean name 'adminController': no URL paths identified
2017-05-22 11:18:16.108 DEBUG 31052 --- [main] o.s.w.s.h.BeanNameUrlHandlerMapping      : Rejected bean name 'accountController': no URL paths identified
2017-05-22 11:18:16.109 DEBUG 31052 --- [main] o.s.w.s.h.BeanNameUrlHandlerMapping      : Rejected bean name 'creditController': no URL paths identified
2017-05-22 11:18:16.109 DEBUG 31052 --- [main] o.s.w.s.h.BeanNameUrlHandlerMapping      : Rejected bean name 'authenticationController': no URL paths identified
2017-05-22 11:18:16.109 DEBUG 31052 --- [main] o.s.w.s.h.BeanNameUrlHandlerMapping      : Rejected bean name 'rootWebController': no URL paths identified
2017-05-22 11:18:16.109 DEBUG 31052 --- [main] o.s.w.s.h.BeanNameUrlHandlerMapping      : Rejected bean name 'messageAdvice': no URL paths identified
2017-05-22 11:18:16.110 DEBUG 31052 --- [main] o.s.w.s.h.BeanNameUrlHandlerMapping      : Rejected bean name 'accountRepository': no URL paths identified
2017-05-22 11:18:16.110 DEBUG 31052 --- [main] o.s.w.s.h.BeanNameUrlHandlerMapping      : Rejected bean name 'accountService': no URL paths identified
2017-05-22 11:18:16.110 DEBUG 31052 --- [main] o.s.w.s.h.BeanNameUrlHandlerMapping      : Rejected bean name 'creditService': no URL paths identified
2017-05-22 11:18:16.110 DEBUG 31052 --- [main] o.s.w.s.h.BeanNameUrlHandlerMapping      : Rejected bean name 'loginValidator': no URL paths identified
2017-05-22 11:18:16.111 DEBUG 31052 --- [main] o.s.w.s.h.BeanNameUrlHandlerMapping      : Rejected bean name 'getInternalViewResolver': no URL paths identified
2017-05-22 11:18:16.111 DEBUG 31052 --- [main] o.s.w.s.h.BeanNameUrlHandlerMapping      : Rejected bean name 'org.springframework.boot.autoconfigure.AutoConfigurationPackages': no URL paths identified
2017-05-22 11:18:16.111 DEBUG 31052 --- [main] o.s.w.s.h.BeanNameUrlHandlerMapping      : Rejected bean name 'org.springframework.boot.autoconfigure.PropertyPlaceholderAutoConfiguration': no URL paths identified
2017-05-22 11:18:16.111 DEBUG 31052 --- [main] o.s.w.s.h.BeanNameUrlHandlerMapping      : Rejected bean name 'org.springframework.boot.autoconfigure.condition.BeanTypeRegistry': no URL paths identified
2017-05-22 11:18:16.111 DEBUG 31052 --- [main] o.s.w.s.h.BeanNameUrlHandlerMapping      : Rejected bean name 'propertySourcesPlaceholderConfigurer': no URL paths identified
2017-05-22 11:18:16.112 DEBUG 31052 --- [main] o.s.w.s.h.BeanNameUrlHandlerMapping      : Rejected bean name 'org.springframework.boot.autoconfigure.websocket.WebSocketAutoConfiguration$TomcatWebSocketConfiguration': no URL paths identified
2017-05-22 11:18:16.112 DEBUG 31052 --- [main] o.s.w.s.h.BeanNameUrlHandlerMapping      : Rejected bean name 'websocketContainerCustomizer': no URL paths identified
2017-05-22 11:18:16.113 DEBUG 31052 --- [main] o.s.w.s.h.BeanNameUrlHandlerMapping      : Rejected bean name 'org.springframework.boot.autoconfigure.websocket.WebSocketAutoConfiguration': no URL paths identified
2017-05-22 11:18:16.113 DEBUG 31052 --- [main] o.s.w.s.h.BeanNameUrlHandlerMapping      : Rejected bean name 'org.springframework.boot.autoconfigure.web.EmbeddedServletContainerAutoConfiguration$EmbeddedTomcat': no URL paths identified
2017-05-22 11:18:16.113 DEBUG 31052 --- [main] o.s.w.s.h.BeanNameUrlHandlerMapping      : Rejected bean name 'tomcatEmbeddedServletContainerFactory': no URL paths identified
2017-05-22 11:18:16.113 DEBUG 31052 --- [main] o.s.w.s.h.BeanNameUrlHandlerMapping      : Rejected bean name 'org.springframework.boot.autoconfigure.web.EmbeddedServletContainerAutoConfiguration': no URL paths identified
2017-05-22 11:18:16.114 DEBUG 31052 --- [main] o.s.w.s.h.BeanNameUrlHandlerMapping      : Rejected bean name 'embeddedServletContainerCustomizerBeanPostProcessor': no URL paths identified
2017-05-22 11:18:16.114 DEBUG 31052 --- [main] o.s.w.s.h.BeanNameUrlHandlerMapping      : Rejected bean name 'org.springframework.boot.autoconfigure.web.DispatcherServletAutoConfiguration$DispatcherServletConfiguration': no URL paths identified
2017-05-22 11:18:16.114 DEBUG 31052 --- [main] o.s.w.s.h.BeanNameUrlHandlerMapping      : Rejected bean name 'dispatcherServlet': no URL paths identified
2017-05-22 11:18:16.114 DEBUG 31052 --- [main] o.s.w.s.h.BeanNameUrlHandlerMapping      : Rejected bean name 'dispatcherServletRegistration': no URL paths identified
2017-05-22 11:18:16.114 DEBUG 31052 --- [main] o.s.w.s.h.BeanNameUrlHandlerMapping      : Rejected bean name 'org.springframework.boot.autoconfigure.web.DispatcherServletAutoConfiguration': no URL paths identified
2017-05-22 11:18:16.115 DEBUG 31052 --- [main] o.s.w.s.h.BeanNameUrlHandlerMapping      : Rejected bean name 'org.springframework.boot.autoconfigure.web.ErrorMvcAutoConfiguration$WhitelabelErrorViewConfiguration': no URL paths identified
2017-05-22 11:18:16.115 DEBUG 31052 --- [main] o.s.w.s.h.BeanNameUrlHandlerMapping      : Rejected bean name 'error': no URL paths identified
2017-05-22 11:18:16.115 DEBUG 31052 --- [main] o.s.w.s.h.BeanNameUrlHandlerMapping      : Rejected bean name 'beanNameViewResolver': no URL paths identified
2017-05-22 11:18:16.116 DEBUG 31052 --- [main] o.s.w.s.h.BeanNameUrlHandlerMapping      : Rejected bean name 'org.springframework.boot.autoconfigure.web.ErrorMvcAutoConfiguration': no URL paths identified
2017-05-22 11:18:16.116 DEBUG 31052 --- [main] o.s.w.s.h.BeanNameUrlHandlerMapping      : Rejected bean name 'errorAttributes': no URL paths identified
2017-05-22 11:18:16.117 DEBUG 31052 --- [main] o.s.w.s.h.BeanNameUrlHandlerMapping      : Rejected bean name 'basicErrorController': no URL paths identified
2017-05-22 11:18:16.117 DEBUG 31052 --- [main] o.s.w.s.h.BeanNameUrlHandlerMapping      : Rejected bean name 'org.springframework.boot.autoconfigure.web.WebMvcAutoConfiguration$EnableWebMvcConfiguration': no URL paths identified
2017-05-22 11:18:16.117 DEBUG 31052 --- [main] o.s.w.s.h.BeanNameUrlHandlerMapping      : Rejected bean name 'requestMappingHandlerAdapter': no URL paths identified
2017-05-22 11:18:16.117 DEBUG 31052 --- [main] o.s.w.s.h.BeanNameUrlHandlerMapping      : Rejected bean name 'requestMappingHandlerMapping': no URL paths identified
2017-05-22 11:18:16.118 DEBUG 31052 --- [main] o.s.w.s.h.BeanNameUrlHandlerMapping      : Rejected bean name 'mvcContentNegotiationManager': no URL paths identified
2017-05-22 11:18:16.118 DEBUG 31052 --- [main] o.s.w.s.h.BeanNameUrlHandlerMapping      : Rejected bean name 'viewControllerHandlerMapping': no URL paths identified
2017-05-22 11:18:16.118 DEBUG 31052 --- [main] o.s.w.s.h.BeanNameUrlHandlerMapping      : Rejected bean name 'beanNameHandlerMapping': no URL paths identified
2017-05-22 11:18:16.118 DEBUG 31052 --- [main] o.s.w.s.h.BeanNameUrlHandlerMapping      : Rejected bean name 'resourceHandlerMapping': no URL paths identified
2017-05-22 11:18:16.119 DEBUG 31052 --- [main] o.s.w.s.h.BeanNameUrlHandlerMapping      : Rejected bean name 'mvcResourceUrlProvider': no URL paths identified
2017-05-22 11:18:16.119 DEBUG 31052 --- [main] o.s.w.s.h.BeanNameUrlHandlerMapping      : Rejected bean name 'defaultServletHandlerMapping': no URL paths identified
2017-05-22 11:18:16.119 DEBUG 31052 --- [main] o.s.w.s.h.BeanNameUrlHandlerMapping      : Rejected bean name 'mvcConversionService': no URL paths identified
2017-05-22 11:18:16.119 DEBUG 31052 --- [main] o.s.w.s.h.BeanNameUrlHandlerMapping      : Rejected bean name 'mvcValidator': no URL paths identified
2017-05-22 11:18:16.120 DEBUG 31052 --- [main] o.s.w.s.h.BeanNameUrlHandlerMapping      : Rejected bean name 'mvcPathMatcher': no URL paths identified
2017-05-22 11:18:16.120 DEBUG 31052 --- [main] o.s.w.s.h.BeanNameUrlHandlerMapping      : Rejected bean name 'mvcUrlPathHelper': no URL paths identified
2017-05-22 11:18:16.120 DEBUG 31052 --- [main] o.s.w.s.h.BeanNameUrlHandlerMapping      : Rejected bean name 'mvcUriComponentsContributor': no URL paths identified
2017-05-22 11:18:16.121 DEBUG 31052 --- [main] o.s.w.s.h.BeanNameUrlHandlerMapping      : Rejected bean name 'httpRequestHandlerAdapter': no URL paths identified
2017-05-22 11:18:16.121 DEBUG 31052 --- [main] o.s.w.s.h.BeanNameUrlHandlerMapping      : Rejected bean name 'simpleControllerHandlerAdapter': no URL paths identified
2017-05-22 11:18:16.121 DEBUG 31052 --- [main] o.s.w.s.h.BeanNameUrlHandlerMapping      : Rejected bean name 'handlerExceptionResolver': no URL paths identified
2017-05-22 11:18:16.121 DEBUG 31052 --- [main] o.s.w.s.h.BeanNameUrlHandlerMapping      : Rejected bean name 'mvcViewResolver': no URL paths identified
2017-05-22 11:18:16.122 DEBUG 31052 --- [main] o.s.w.s.h.BeanNameUrlHandlerMapping      : Rejected bean name 'org.springframework.boot.autoconfigure.web.WebMvcAutoConfiguration$WebMvcAutoConfigurationAdapter$FaviconConfiguration': no URL paths identified
2017-05-22 11:18:16.122 DEBUG 31052 --- [main] o.s.w.s.h.BeanNameUrlHandlerMapping      : Rejected bean name 'faviconHandlerMapping': no URL paths identified
2017-05-22 11:18:16.122 DEBUG 31052 --- [main] o.s.w.s.h.BeanNameUrlHandlerMapping      : Rejected bean name 'faviconRequestHandler': no URL paths identified
2017-05-22 11:18:16.122 DEBUG 31052 --- [main] o.s.w.s.h.BeanNameUrlHandlerMapping      : Rejected bean name 'org.springframework.boot.autoconfigure.web.WebMvcAutoConfiguration$WebMvcAutoConfigurationAdapter': no URL paths identified
2017-05-22 11:18:16.123 DEBUG 31052 --- [main] o.s.w.s.h.BeanNameUrlHandlerMapping      : Rejected bean name 'requestContextListener': no URL paths identified
2017-05-22 11:18:16.123 DEBUG 31052 --- [main] o.s.w.s.h.BeanNameUrlHandlerMapping      : Rejected bean name 'viewResolver': no URL paths identified
2017-05-22 11:18:16.123 DEBUG 31052 --- [main] o.s.w.s.h.BeanNameUrlHandlerMapping      : Rejected bean name 'spring.mvc.CONFIGURATION_PROPERTIES': no URL paths identified
2017-05-22 11:18:16.123 DEBUG 31052 --- [main] o.s.w.s.h.BeanNameUrlHandlerMapping      : Rejected bean name 'spring.resources.CONFIGURATION_PROPERTIES': no URL paths identified
2017-05-22 11:18:16.124 DEBUG 31052 --- [main] o.s.w.s.h.BeanNameUrlHandlerMapping      : Rejected bean name 'org.springframework.boot.context.properties.ConfigurationPropertiesBindingPostProcessor': no URL paths identified
2017-05-22 11:18:16.124 DEBUG 31052 --- [main] o.s.w.s.h.BeanNameUrlHandlerMapping      : Rejected bean name 'org.springframework.boot.context.properties.ConfigurationPropertiesBindingPostProcessor.store': no URL paths identified
2017-05-22 11:18:16.124 DEBUG 31052 --- [main] o.s.w.s.h.BeanNameUrlHandlerMapping      : Rejected bean name 'org.springframework.boot.autoconfigure.web.WebMvcAutoConfiguration': no URL paths identified
2017-05-22 11:18:16.125 DEBUG 31052 --- [main] o.s.w.s.h.BeanNameUrlHandlerMapping      : Rejected bean name 'hiddenHttpMethodFilter': no URL paths identified
2017-05-22 11:18:16.125 DEBUG 31052 --- [main] o.s.w.s.h.BeanNameUrlHandlerMapping      : Rejected bean name 'org.springframework.boot.autoconfigure.jackson.JacksonAutoConfiguration$JacksonObjectMapperBuilderConfiguration': no URL paths identified
2017-05-22 11:18:16.125 DEBUG 31052 --- [main] o.s.w.s.h.BeanNameUrlHandlerMapping      : Rejected bean name 'jacksonObjectMapperBuilder': no URL paths identified
2017-05-22 11:18:16.125 DEBUG 31052 --- [main] o.s.w.s.h.BeanNameUrlHandlerMapping      : Rejected bean name 'http.mappers.CONFIGURATION_PROPERTIES': no URL paths identified
2017-05-22 11:18:16.126 DEBUG 31052 --- [main] o.s.w.s.h.BeanNameUrlHandlerMapping      : Rejected bean name 'spring.jackson.CONFIGURATION_PROPERTIES': no URL paths identified
2017-05-22 11:18:16.126 DEBUG 31052 --- [main] o.s.w.s.h.BeanNameUrlHandlerMapping      : Rejected bean name 'org.springframework.boot.autoconfigure.jackson.JacksonAutoConfiguration$JacksonObjectMapperConfiguration': no URL paths identified
2017-05-22 11:18:16.126 DEBUG 31052 --- [main] o.s.w.s.h.BeanNameUrlHandlerMapping      : Rejected bean name 'jacksonObjectMapper': no URL paths identified
2017-05-22 11:18:16.127 DEBUG 31052 --- [main] o.s.w.s.h.BeanNameUrlHandlerMapping      : Rejected bean name 'org.springframework.boot.autoconfigure.jackson.JacksonAutoConfiguration': no URL paths identified
2017-05-22 11:18:16.127 DEBUG 31052 --- [main] o.s.w.s.h.BeanNameUrlHandlerMapping      : Rejected bean name 'org.springframework.boot.autoconfigure.web.HttpMessageConvertersAutoConfiguration$StringHttpMessageConverterConfiguration': no URL paths identified
2017-05-22 11:18:16.127 DEBUG 31052 --- [main] o.s.w.s.h.BeanNameUrlHandlerMapping      : Rejected bean name 'stringHttpMessageConverter': no URL paths identified
2017-05-22 11:18:16.127 DEBUG 31052 --- [main] o.s.w.s.h.BeanNameUrlHandlerMapping      : Rejected bean name 'spring.http.encoding.CONFIGURATION_PROPERTIES': no URL paths identified
2017-05-22 11:18:16.128 DEBUG 31052 --- [main] o.s.w.s.h.BeanNameUrlHandlerMapping      : Rejected bean name 'org.springframework.boot.autoconfigure.web.JacksonHttpMessageConvertersConfiguration$MappingJackson2HttpMessageConverterConfiguration': no URL paths identified
2017-05-22 11:18:16.128 DEBUG 31052 --- [main] o.s.w.s.h.BeanNameUrlHandlerMapping      : Rejected bean name 'mappingJackson2HttpMessageConverter': no URL paths identified
2017-05-22 11:18:16.128 DEBUG 31052 --- [main] o.s.w.s.h.BeanNameUrlHandlerMapping      : Rejected bean name 'org.springframework.boot.autoconfigure.web.JacksonHttpMessageConvertersConfiguration': no URL paths identified
2017-05-22 11:18:16.128 DEBUG 31052 --- [main] o.s.w.s.h.BeanNameUrlHandlerMapping      : Rejected bean name 'org.springframework.boot.autoconfigure.web.HttpMessageConvertersAutoConfiguration': no URL paths identified
2017-05-22 11:18:16.129 DEBUG 31052 --- [main] o.s.w.s.h.BeanNameUrlHandlerMapping      : Rejected bean name 'messageConverters': no URL paths identified
2017-05-22 11:18:16.129 DEBUG 31052 --- [main] o.s.w.s.h.BeanNameUrlHandlerMapping      : Rejected bean name 'org.springframework.boot.autoconfigure.jmx.JmxAutoConfiguration': no URL paths identified
2017-05-22 11:18:16.129 DEBUG 31052 --- [main] o.s.w.s.h.BeanNameUrlHandlerMapping      : Rejected bean name 'mbeanExporter': no URL paths identified
2017-05-22 11:18:16.129 DEBUG 31052 --- [main] o.s.w.s.h.BeanNameUrlHandlerMapping      : Rejected bean name 'objectNamingStrategy': no URL paths identified
2017-05-22 11:18:16.130 DEBUG 31052 --- [main] o.s.w.s.h.BeanNameUrlHandlerMapping      : Rejected bean name 'mbeanServer': no URL paths identified
2017-05-22 11:18:16.130 DEBUG 31052 --- [main] o.s.w.s.h.BeanNameUrlHandlerMapping      : Rejected bean name 'org.springframework.boot.autoconfigure.security.SpringBootWebSecurityConfiguration$ApplicationWebSecurityConfigurerAdapter': no URL paths identified
2017-05-22 11:18:16.130 DEBUG 31052 --- [main] o.s.w.s.h.BeanNameUrlHandlerMapping      : Rejected bean name 'org.springframework.security.config.annotation.authentication.configuration.AuthenticationConfiguration': no URL paths identified
2017-05-22 11:18:16.130 DEBUG 31052 --- [main] o.s.w.s.h.BeanNameUrlHandlerMapping      : Rejected bean name 'authenticationManagerBuilder': no URL paths identified
2017-05-22 11:18:16.131 DEBUG 31052 --- [main] o.s.w.s.h.BeanNameUrlHandlerMapping      : Rejected bean name 'enableGlobalAuthenticationAutowiredConfigurer': no URL paths identified
2017-05-22 11:18:16.131 DEBUG 31052 --- [main] o.s.w.s.h.BeanNameUrlHandlerMapping      : Rejected bean name 'org.springframework.security.config.annotation.web.configuration.WebSecurityConfiguration': no URL paths identified
2017-05-22 11:18:16.131 DEBUG 31052 --- [main] o.s.w.s.h.BeanNameUrlHandlerMapping      : Rejected bean name 'delegatingApplicationListener': no URL paths identified
2017-05-22 11:18:16.131 DEBUG 31052 --- [main] o.s.w.s.h.BeanNameUrlHandlerMapping      : Rejected bean name 'webSecurityExpressionHandler': no URL paths identified
2017-05-22 11:18:16.132 DEBUG 31052 --- [main] o.s.w.s.h.BeanNameUrlHandlerMapping      : Rejected bean name 'springSecurityFilterChain': no URL paths identified
2017-05-22 11:18:16.132 DEBUG 31052 --- [main] o.s.w.s.h.BeanNameUrlHandlerMapping      : Rejected bean name 'privilegeEvaluator': no URL paths identified
2017-05-22 11:18:16.132 DEBUG 31052 --- [main] o.s.w.s.h.BeanNameUrlHandlerMapping      : Rejected bean name 'autowiredWebSecurityConfigurersIgnoreParents': no URL paths identified
2017-05-22 11:18:16.133 DEBUG 31052 --- [main] o.s.w.s.h.BeanNameUrlHandlerMapping      : Rejected bean name 'org.springframework.security.config.annotation.configuration.ObjectPostProcessorConfiguration': no URL paths identified
2017-05-22 11:18:16.133 DEBUG 31052 --- [main] o.s.w.s.h.BeanNameUrlHandlerMapping      : Rejected bean name 'objectPostProcessor': no URL paths identified
2017-05-22 11:18:16.133 DEBUG 31052 --- [main] o.s.w.s.h.BeanNameUrlHandlerMapping      : Rejected bean name 'org.springframework.security.config.annotation.web.servlet.configuration.WebMvcSecurityConfiguration': no URL paths identified
2017-05-22 11:18:16.133 DEBUG 31052 --- [main] o.s.w.s.h.BeanNameUrlHandlerMapping      : Rejected bean name 'requestDataValueProcessor': no URL paths identified
2017-05-22 11:18:16.134 DEBUG 31052 --- [main] o.s.w.s.h.BeanNameUrlHandlerMapping      : Rejected bean name 'org.springframework.boot.autoconfigure.security.SpringBootWebSecurityConfiguration$WebMvcSecurityConfigurationConditions$DefaultWebMvcSecurityConfiguration': no URL paths identified
2017-05-22 11:18:16.134 DEBUG 31052 --- [main] o.s.w.s.h.BeanNameUrlHandlerMapping      : Rejected bean name 'org.springframework.boot.autoconfigure.security.SpringBootWebSecurityConfiguration$WebMvcSecurityConfigurationConditions': no URL paths identified
2017-05-22 11:18:16.134 DEBUG 31052 --- [main] o.s.w.s.h.BeanNameUrlHandlerMapping      : Rejected bean name 'org.springframework.boot.autoconfigure.security.SpringBootWebSecurityConfiguration': no URL paths identified
2017-05-22 11:18:16.134 DEBUG 31052 --- [main] o.s.w.s.h.BeanNameUrlHandlerMapping      : Rejected bean name 'ignoredPathsWebSecurityConfigurerAdapter': no URL paths identified
2017-05-22 11:18:16.134 DEBUG 31052 --- [main] o.s.w.s.h.BeanNameUrlHandlerMapping      : Rejected bean name 'securityFilterChainRegistration': no URL paths identified
2017-05-22 11:18:16.135 DEBUG 31052 --- [main] o.s.w.s.h.BeanNameUrlHandlerMapping      : Rejected bean name 'org.springframework.boot.autoconfigure.security.AuthenticationManagerConfiguration$AuthenticationManagerConfigurationListener': no URL paths identified
2017-05-22 11:18:16.135 DEBUG 31052 --- [main] o.s.w.s.h.BeanNameUrlHandlerMapping      : Rejected bean name 'org.springframework.boot.autoconfigure.security.AuthenticationManagerConfiguration': no URL paths identified
2017-05-22 11:18:16.135 DEBUG 31052 --- [main] o.s.w.s.h.BeanNameUrlHandlerMapping      : Rejected bean name 'authenticationManager': no URL paths identified
2017-05-22 11:18:16.136 DEBUG 31052 --- [main] o.s.w.s.h.BeanNameUrlHandlerMapping      : Rejected bean name 'springBootAuthenticationConfigurerAdapter': no URL paths identified
2017-05-22 11:18:16.136 DEBUG 31052 --- [main] o.s.w.s.h.BeanNameUrlHandlerMapping      : Rejected bean name 'org.springframework.boot.autoconfigure.security.BootGlobalAuthenticationConfiguration': no URL paths identified
2017-05-22 11:18:16.136 DEBUG 31052 --- [main] o.s.w.s.h.BeanNameUrlHandlerMapping      : Rejected bean name 'bootGlobalAuthenticationConfigurationAdapter': no URL paths identified
2017-05-22 11:18:16.136 DEBUG 31052 --- [main] o.s.w.s.h.BeanNameUrlHandlerMapping      : Rejected bean name 'org.springframework.boot.autoconfigure.security.SecurityAutoConfiguration': no URL paths identified
2017-05-22 11:18:16.136 DEBUG 31052 --- [main] o.s.w.s.h.BeanNameUrlHandlerMapping      : Rejected bean name 'authenticationEventPublisher': no URL paths identified
2017-05-22 11:18:16.137 DEBUG 31052 --- [main] o.s.w.s.h.BeanNameUrlHandlerMapping      : Rejected bean name 'securityProperties': no URL paths identified
2017-05-22 11:18:16.137 DEBUG 31052 --- [main] o.s.w.s.h.BeanNameUrlHandlerMapping      : Rejected bean name 'org.springframework.boot.autoconfigure.web.HttpEncodingAutoConfiguration': no URL paths identified
2017-05-22 11:18:16.137 DEBUG 31052 --- [main] o.s.w.s.h.BeanNameUrlHandlerMapping      : Rejected bean name 'characterEncodingFilter': no URL paths identified
2017-05-22 11:18:16.137 DEBUG 31052 --- [main] o.s.w.s.h.BeanNameUrlHandlerMapping      : Rejected bean name 'org.springframework.boot.autoconfigure.web.MultipartAutoConfiguration': no URL paths identified
2017-05-22 11:18:16.138 DEBUG 31052 --- [main] o.s.w.s.h.BeanNameUrlHandlerMapping      : Rejected bean name 'multipartConfigElement': no URL paths identified
2017-05-22 11:18:16.138 DEBUG 31052 --- [main] o.s.w.s.h.BeanNameUrlHandlerMapping      : Rejected bean name 'multipartResolver': no URL paths identified
2017-05-22 11:18:16.138 DEBUG 31052 --- [main] o.s.w.s.h.BeanNameUrlHandlerMapping      : Rejected bean name 'multipart.CONFIGURATION_PROPERTIES': no URL paths identified
2017-05-22 11:18:16.138 DEBUG 31052 --- [main] o.s.w.s.h.BeanNameUrlHandlerMapping      : Rejected bean name 'org.springframework.boot.autoconfigure.web.ServerPropertiesAutoConfiguration': no URL paths identified
2017-05-22 11:18:16.139 DEBUG 31052 --- [main] o.s.w.s.h.BeanNameUrlHandlerMapping      : Rejected bean name 'serverProperties': no URL paths identified
2017-05-22 11:18:16.139 DEBUG 31052 --- [main] o.s.w.s.h.BeanNameUrlHandlerMapping      : Rejected bean name 'autoConfigurationReport': no URL paths identified
2017-05-22 11:18:16.139 DEBUG 31052 --- [main] o.s.w.s.h.BeanNameUrlHandlerMapping      : Rejected bean name 'applicationEventMulticaster': no URL paths identified
2017-05-22 11:18:16.139 DEBUG 31052 --- [main] o.s.w.s.h.BeanNameUrlHandlerMapping      : Rejected bean name 'environment': no URL paths identified
2017-05-22 11:18:16.140 DEBUG 31052 --- [main] o.s.w.s.h.BeanNameUrlHandlerMapping      : Rejected bean name 'systemProperties': no URL paths identified
2017-05-22 11:18:16.140 DEBUG 31052 --- [main] o.s.w.s.h.BeanNameUrlHandlerMapping      : Rejected bean name 'systemEnvironment': no URL paths identified
2017-05-22 11:18:16.140 DEBUG 31052 --- [main] o.s.w.s.h.BeanNameUrlHandlerMapping      : Rejected bean name 'org.springframework.context.annotation.ConfigurationClassPostProcessor.importRegistry': no URL paths identified
2017-05-22 11:18:16.140 DEBUG 31052 --- [main] o.s.w.s.h.BeanNameUrlHandlerMapping      : Rejected bean name 'messageSource': no URL paths identified
2017-05-22 11:18:16.141 DEBUG 31052 --- [main] o.s.w.s.h.BeanNameUrlHandlerMapping      : Rejected bean name 'servletContext': no URL paths identified
2017-05-22 11:18:16.141 DEBUG 31052 --- [main] o.s.w.s.h.BeanNameUrlHandlerMapping      : Rejected bean name 'contextParameters': no URL paths identified
2017-05-22 11:18:16.141 DEBUG 31052 --- [main] o.s.w.s.h.BeanNameUrlHandlerMapping      : Rejected bean name 'contextAttributes': no URL paths identified
2017-05-22 11:18:16.154  INFO 31052 --- [main] o.s.w.s.handler.SimpleUrlHandlerMapping  : Mapped URL path [/**] onto handler of type [class org.springframework.web.servlet.resource.ResourceHttpRequestHandler]
2017-05-22 11:18:16.154  INFO 31052 --- [main] o.s.w.s.handler.SimpleUrlHandlerMapping  : Mapped URL path [/webjars/**] onto handler of type [class org.springframework.web.servlet.resource.ResourceHttpRequestHandler]
2017-05-22 11:18:16.177 DEBUG 31052 --- [main] .m.m.a.ExceptionHandlerExceptionResolver : Looking for exception mappings: org.springframework.boot.context.embedded.AnnotationConfigEmbeddedWebApplicationContext@6f09c9c0: startup date [Mon May 22 11:18:08 BRT 2017]; root of context hierarchy
2017-05-22 11:18:16.219  INFO 31052 --- [main] o.s.w.s.handler.SimpleUrlHandlerMapping  : Mapped URL path [/**/favicon.ico] onto handler of type [class org.springframework.web.servlet.resource.ResourceHttpRequestHandler]
2017-05-22 11:18:16.363  INFO 31052 --- [main] o.s.j.e.a.AnnotationMBeanExporter        : Registering beans for JMX exposure on startup
2017-05-22 11:18:16.394 DEBUG 31052 --- [main] o.s.w.s.resource.ResourceUrlProvider     : Looking for resource handler mappings
2017-05-22 11:18:16.396 DEBUG 31052 --- [main] o.s.w.s.resource.ResourceUrlProvider     : Found resource handler mapping: URL pattern="/**/favicon.ico", locations=[class path resource [META-INF/resources/], class path resource [resources/], class path resource [static/], class path resource [public/], class path resource []], resolvers=[org.springframework.web.servlet.resource.PathResourceResolver@7922c98d]
2017-05-22 11:18:16.396 DEBUG 31052 --- [main] o.s.w.s.resource.ResourceUrlProvider     : Found resource handler mapping: URL pattern="/**", locations=[ServletContext resource [/], class path resource [META-INF/resources/], class path resource [resources/], class path resource [static/], class path resource [public/]], resolvers=[org.springframework.web.servlet.resource.PathResourceResolver@5ade861c]
2017-05-22 11:18:16.396 DEBUG 31052 --- [main] o.s.w.s.resource.ResourceUrlProvider     : Found resource handler mapping: URL pattern="/webjars/**", locations=[class path resource [META-INF/resources/webjars/]], resolvers=[org.springframework.web.servlet.resource.PathResourceResolver@4736c6df]
2017-05-22 11:18:16.583  INFO 31052 --- [main] s.b.c.e.t.TomcatEmbeddedServletContainer : Tomcat started on port(s): 8080 (http)
2017-05-22 11:18:16.586  INFO 31052 --- [main] com.wipro.ta.samplebank.Application      : Started Application in 8.851 seconds (JVM running for 9.63)
